<?xml version="1.0" encoding="UTF-8"?>
<!-- Generated by org.testng.reporters.JUnitXMLReporter -->
<testsuite hostname="DESKTOP-A9DN365" ignored="0" name="Default test" tests="6" failures="0" timestamp="01 Feb 2022 04:02:39 GMT" time="0.116" errors="0">
  <testcase name="testcase1" time="0.01" classname="com.testNg.TestNgAnnotations"/>
  <testcase name="testcase2" time="0.006" classname="com.testNg.TestNgAnnotations"/>
  <testcase name="testcase3" time="0.002" classname="com.testNg.TestNgAnnotations"/>
  <testcase name="testcase4" time="0.001" classname="com.testNg.TestNgAnnotations"/>
  <testcase name="testcase5" time="0.002" classname="com.testNg.TestNgAnnotations"/>
  <testcase name="testcase6" time="0.002" classname="com.testNg.TestNgAnnotations"/>
</testsuite> <!-- Default test -->
