<?xml version="1.0" encoding="UTF-8"?>
<testng-results skipped="0" failed="0" ignored="0" total="6" passed="6">
  <reporter-output>
  </reporter-output>
  <suite name="Default suite" duration-ms="116" started-at="2022-02-01T04:02:39Z" finished-at="2022-02-01T04:02:39Z">
    <groups>
    </groups>
    <test name="Default test" duration-ms="116" started-at="2022-02-01T04:02:39Z" finished-at="2022-02-01T04:02:39Z">
      <class name="com.testNg.TestNgAnnotations">
        <test-method status="PASS" signature="beforeSuite()[pri:0, instance:com.testNg.TestNgAnnotations@ae45eb6]" name="beforeSuite" is-config="true" duration-ms="21" started-at="2022-02-01T04:02:39Z" finished-at="2022-02-01T04:02:39Z">
          <reporter-output>
          </reporter-output>
        </test-method> <!-- beforeSuite -->
        <test-method status="PASS" signature="beforeTest()[pri:0, instance:com.testNg.TestNgAnnotations@ae45eb6]" name="beforeTest" is-config="true" duration-ms="3" started-at="2022-02-01T04:02:39Z" finished-at="2022-02-01T04:02:39Z">
          <reporter-output>
          </reporter-output>
        </test-method> <!-- beforeTest -->
        <test-method status="PASS" signature="beforeClass()[pri:0, instance:com.testNg.TestNgAnnotations@ae45eb6]" name="beforeClass" is-config="true" duration-ms="0" started-at="2022-02-01T04:02:39Z" finished-at="2022-02-01T04:02:39Z">
          <reporter-output>
          </reporter-output>
        </test-method> <!-- beforeClass -->
        <test-method status="PASS" signature="beforeMethod()[pri:0, instance:com.testNg.TestNgAnnotations@ae45eb6]" name="beforeMethod" is-config="true" duration-ms="3" started-at="2022-02-01T04:02:39Z" finished-at="2022-02-01T04:02:39Z">
          <reporter-output>
          </reporter-output>
        </test-method> <!-- beforeMethod -->
        <test-method status="PASS" signature="testcase1()[pri:0, instance:com.testNg.TestNgAnnotations@ae45eb6]" name="testcase1" duration-ms="10" started-at="2022-02-01T04:02:39Z" finished-at="2022-02-01T04:02:39Z">
          <reporter-output>
          </reporter-output>
        </test-method> <!-- testcase1 -->
        <test-method status="PASS" signature="afterMethod()[pri:0, instance:com.testNg.TestNgAnnotations@ae45eb6]" name="afterMethod" is-config="true" duration-ms="0" started-at="2022-02-01T04:02:39Z" finished-at="2022-02-01T04:02:39Z">
          <reporter-output>
          </reporter-output>
        </test-method> <!-- afterMethod -->
        <test-method status="PASS" signature="beforeMethod()[pri:0, instance:com.testNg.TestNgAnnotations@ae45eb6]" name="beforeMethod" is-config="true" duration-ms="1" started-at="2022-02-01T04:02:39Z" finished-at="2022-02-01T04:02:39Z">
          <reporter-output>
          </reporter-output>
        </test-method> <!-- beforeMethod -->
        <test-method status="PASS" signature="testcase2()[pri:0, instance:com.testNg.TestNgAnnotations@ae45eb6]" name="testcase2" duration-ms="6" started-at="2022-02-01T04:02:39Z" finished-at="2022-02-01T04:02:39Z">
          <reporter-output>
          </reporter-output>
        </test-method> <!-- testcase2 -->
        <test-method status="PASS" signature="afterMethod()[pri:0, instance:com.testNg.TestNgAnnotations@ae45eb6]" name="afterMethod" is-config="true" duration-ms="1" started-at="2022-02-01T04:02:39Z" finished-at="2022-02-01T04:02:39Z">
          <reporter-output>
          </reporter-output>
        </test-method> <!-- afterMethod -->
        <test-method status="PASS" signature="beforeMethod()[pri:0, instance:com.testNg.TestNgAnnotations@ae45eb6]" name="beforeMethod" is-config="true" duration-ms="0" started-at="2022-02-01T04:02:39Z" finished-at="2022-02-01T04:02:39Z">
          <reporter-output>
          </reporter-output>
        </test-method> <!-- beforeMethod -->
        <test-method status="PASS" signature="testcase3()[pri:0, instance:com.testNg.TestNgAnnotations@ae45eb6]" name="testcase3" duration-ms="2" started-at="2022-02-01T04:02:39Z" finished-at="2022-02-01T04:02:39Z">
          <reporter-output>
          </reporter-output>
        </test-method> <!-- testcase3 -->
        <test-method status="PASS" signature="afterMethod()[pri:0, instance:com.testNg.TestNgAnnotations@ae45eb6]" name="afterMethod" is-config="true" duration-ms="1" started-at="2022-02-01T04:02:39Z" finished-at="2022-02-01T04:02:39Z">
          <reporter-output>
          </reporter-output>
        </test-method> <!-- afterMethod -->
        <test-method status="PASS" signature="beforeMethod()[pri:0, instance:com.testNg.TestNgAnnotations@ae45eb6]" name="beforeMethod" is-config="true" duration-ms="1" started-at="2022-02-01T04:02:39Z" finished-at="2022-02-01T04:02:39Z">
          <reporter-output>
          </reporter-output>
        </test-method> <!-- beforeMethod -->
        <test-method status="PASS" signature="testcase4()[pri:0, instance:com.testNg.TestNgAnnotations@ae45eb6]" name="testcase4" duration-ms="1" started-at="2022-02-01T04:02:39Z" finished-at="2022-02-01T04:02:39Z">
          <reporter-output>
          </reporter-output>
        </test-method> <!-- testcase4 -->
        <test-method status="PASS" signature="afterMethod()[pri:0, instance:com.testNg.TestNgAnnotations@ae45eb6]" name="afterMethod" is-config="true" duration-ms="1" started-at="2022-02-01T04:02:39Z" finished-at="2022-02-01T04:02:39Z">
          <reporter-output>
          </reporter-output>
        </test-method> <!-- afterMethod -->
        <test-method status="PASS" signature="beforeMethod()[pri:0, instance:com.testNg.TestNgAnnotations@ae45eb6]" name="beforeMethod" is-config="true" duration-ms="1" started-at="2022-02-01T04:02:39Z" finished-at="2022-02-01T04:02:39Z">
          <reporter-output>
          </reporter-output>
        </test-method> <!-- beforeMethod -->
        <test-method status="PASS" signature="testcase5()[pri:0, instance:com.testNg.TestNgAnnotations@ae45eb6]" name="testcase5" duration-ms="2" started-at="2022-02-01T04:02:39Z" finished-at="2022-02-01T04:02:39Z">
          <reporter-output>
          </reporter-output>
        </test-method> <!-- testcase5 -->
        <test-method status="PASS" signature="afterMethod()[pri:0, instance:com.testNg.TestNgAnnotations@ae45eb6]" name="afterMethod" is-config="true" duration-ms="1" started-at="2022-02-01T04:02:39Z" finished-at="2022-02-01T04:02:39Z">
          <reporter-output>
          </reporter-output>
        </test-method> <!-- afterMethod -->
        <test-method status="PASS" signature="beforeMethod()[pri:0, instance:com.testNg.TestNgAnnotations@ae45eb6]" name="beforeMethod" is-config="true" duration-ms="1" started-at="2022-02-01T04:02:39Z" finished-at="2022-02-01T04:02:39Z">
          <reporter-output>
          </reporter-output>
        </test-method> <!-- beforeMethod -->
        <test-method status="PASS" signature="testcase6()[pri:0, instance:com.testNg.TestNgAnnotations@ae45eb6]" name="testcase6" duration-ms="2" started-at="2022-02-01T04:02:39Z" finished-at="2022-02-01T04:02:39Z">
          <reporter-output>
          </reporter-output>
        </test-method> <!-- testcase6 -->
        <test-method status="PASS" signature="afterClass()[pri:0, instance:com.testNg.TestNgAnnotations@ae45eb6]" name="afterClass" is-config="true" duration-ms="1" started-at="2022-02-01T04:02:39Z" finished-at="2022-02-01T04:02:39Z">
          <reporter-output>
          </reporter-output>
        </test-method> <!-- afterClass -->
        <test-method status="PASS" signature="afterMethod()[pri:0, instance:com.testNg.TestNgAnnotations@ae45eb6]" name="afterMethod" is-config="true" duration-ms="0" started-at="2022-02-01T04:02:39Z" finished-at="2022-02-01T04:02:39Z">
          <reporter-output>
          </reporter-output>
        </test-method> <!-- afterMethod -->
        <test-method status="PASS" signature="afterTest()[pri:0, instance:com.testNg.TestNgAnnotations@ae45eb6]" name="afterTest" is-config="true" duration-ms="0" started-at="2022-02-01T04:02:39Z" finished-at="2022-02-01T04:02:39Z">
          <reporter-output>
          </reporter-output>
        </test-method> <!-- afterTest -->
        <test-method status="PASS" signature="afterSuite()[pri:0, instance:com.testNg.TestNgAnnotations@ae45eb6]" name="afterSuite" is-config="true" duration-ms="1" started-at="2022-02-01T04:02:39Z" finished-at="2022-02-01T04:02:39Z">
          <reporter-output>
          </reporter-output>
        </test-method> <!-- afterSuite -->
      </class> <!-- com.testNg.TestNgAnnotations -->
    </test> <!-- Default test -->
  </suite> <!-- Default suite -->
</testng-results>
